<?xml version="1.0" encoding="UTF-8"?>
<testsuite xmlns:xsi="http://www.w3.org/2001/XMLSchema-instance" xsi:noNamespaceSchemaLocation="https://maven.apache.org/surefire/maven-surefire-plugin/xsd/surefire-test-report.xsd" name="com.mycompany.app.ProgramTest" time="0.071" tests="42" errors="0" skipped="0" failures="0">
  <properties>
[...]
</properties>
  <testcase name="stateDraw" classname="com.mycompany.app.ProgramTest" time="0.003"/>
  <testcase name="notFullMid" classname="com.mycompany.app.ProgramTest" time="0"/>
  <testcase name="fullBoard" classname="com.mycompany.app.ProgramTest" time="0"/>
  <testcase name="noWinnerEmpty" classname="com.mycompany.app.ProgramTest" time="0"/>
  <testcase name="invalidColLow" classname="com.mycompany.app.ProgramTest" time="0"/>
  <testcase name="notFullStart" classname="com.mycompany.app.ProgramTest" time="0"/>
  <testcase name="bestMoveValid" classname="com.mycompany.app.ProgramTest" time="0.014"/>
  <testcase name="cellEnumValues" classname="com.mycompany.app.ProgramTest" time="0"/>
  <testcase name="turnSwitching" classname="com.mycompany.app.ProgramTest" time="0"/>
  <testcase name="invalidRowLow" classname="com.mycompany.app.ProgramTest" time="0"/>
  <testcase name="gridStartsEmpty" classname="com.mycompany.app.ProgramTest" time="0"/>
  <testcase name="oWinsCol" classname="com.mycompany.app.ProgramTest" time="0"/>
  <testcase name="oWinsRow" classname="com.mycompany.app.ProgramTest" time="0"/>
  <testcase name="statePlaying" classname="com.mycompany.app.ProgramTest" time="0"/>
  <testcase name="validMoveWorks" classname="com.mycompany.app.ProgramTest" time="0"/>
  <testcase name="stateOWins" classname="com.mycompany.app.ProgramTest" time="0"/>
  <testcase name="stateXWins" classname="com.mycompany.app.ProgramTest" time="0"/>
  <testcase name="occupiedCell" classname="com.mycompany.app.ProgramTest" time="0"/>
  <testcase name="mainRuns" classname="com.mycompany.app.ProgramTest" time="0.003"/>
  <testcase name="gameStateValues" classname="com.mycompany.app.ProgramTest" time="0"/>
  <testcase name="oWinsDiag" classname="com.mycompany.app.ProgramTest" time="0"/>
  <testcase name="cellFromChar" classname="com.mycompany.app.ProgramTest" time="0"/>
  <testcase name="winDiagMain" classname="com.mycompany.app.ProgramTest" time="0"/>
  <testcase name="winDiagSide" classname="com.mycompany.app.ProgramTest" time="0"/>
  <testcase name="xMovesFirst" classname="com.mycompany.app.ProgramTest" time="0"/>
  <testcase name="minimaxDraw" classname="com.mycompany.app.ProgramTest" time="0"/>
  <testcase name="minimaxOWin" classname="com.mycompany.app.ProgramTest" time="0"/>
  <testcase name="minimaxXWin" classname="com.mycompany.app.ProgramTest" time="0"/>
  <testcase name="clearResetsAll" classname="com.mycompany.app.ProgramTest" time="0"/>
  <testcase name="invalidColHigh" classname="com.mycompany.app.ProgramTest" time="0"/>
  <testcase name="bestMoveTakesWin" classname="com.mycompany.app.ProgramTest" time="0"/>
  <testcase name="invalidRowHigh" classname="com.mycompany.app.ProgramTest" time="0"/>
  <testcase name="minimaxEmptyMax" classname="com.mycompany.app.ProgramTest" time="0.01"/>
  <testcase name="minimaxEmptyMin" classname="com.mycompany.app.ProgramTest" time="0.01"/>
  <testcase name="winCol0" classname="com.mycompany.app.ProgramTest" time="0"/>
  <testcase name="winCol1" classname="com.mycompany.app.ProgramTest" time="0"/>
  <testcase name="winCol2" classname="com.mycompany.app.ProgramTest" time="0"/>
  <testcase name="winRow0" classname="com.mycompany.app.ProgramTest" time="0"/>
  <testcase name="winRow1" classname="com.mycompany.app.ProgramTest" time="0"/>
  <testcase name="winRow2" classname="com.mycompany.app.ProgramTest" time="0"/>
  <testcase name="noWinnerMid" classname="com.mycompany.app.ProgramTest" time="0.001"/>
  <testcase name="bestMoveBlocks" classname="com.mycompany.app.ProgramTest" time="0"/>
</testsuite>