<?xml version="1.0" encoding="UTF-8"?>
<testsuite xmlns:xsi="http://www.w3.org/2001/XMLSchema-instance" xsi:noNamespaceSchemaLocation="https://maven.apache.org/surefire/maven-surefire-plugin/xsd/surefire-test-report.xsd" version="3.0.1" name="com.mycompany.app.TestSuite" time="0.088" tests="57" errors="0" skipped="0" failures="0">
  <properties>
[...]
</properties>
  <testcase name="gameInitialBoardEmpty" classname="com.mycompany.app.TestSuite" time="0.003"/>
  <testcase name="programMainExecutes" classname="com.mycompany.app.TestSuite" time="0.005">
    <system-out><![CDATA[Tic-Tac-Toe AI Engine Initialized
Position [0,0] contains: -
]]></system-out>
  </testcase>
  <testcase name="gameCalculateBestMoveWinning" classname="com.mycompany.app.TestSuite" time="0.0"/>
  <testcase name="gameFieldNotCompleteInitial" classname="com.mycompany.app.TestSuite" time="0.0"/>
  <testcase name="gameStatusValues" classname="com.mycompany.app.TestSuite" time="0.0"/>
  <testcase name="gameCalculateBestMoveValid" classname="com.mycompany.app.TestSuite" time="0.025"/>
  <testcase name="gameStatusStalemate" classname="com.mycompany.app.TestSuite" time="0.0"/>
  <testcase name="gameNoWinnerInitial" classname="com.mycompany.app.TestSuite" time="0.0"/>
  <testcase name="fieldMultipleResets" classname="com.mycompany.app.TestSuite" time="0.0"/>
  <testcase name="gameCalculateBestMoveBlocking" classname="com.mycompany.app.TestSuite" time="0.0"/>
  <testcase name="fieldInvalidPlace" classname="com.mycompany.app.TestSuite" time="0.0"/>
  <testcase name="gameStatusOngoing" classname="com.mycompany.app.TestSuite" time="0.0"/>
  <testcase name="fieldCannotOverwrite" classname="com.mycompany.app.TestSuite" time="0.001"/>
  <testcase name="gameWinnerAntiDiagonal" classname="com.mycompany.app.TestSuite" time="0.0"/>
  <testcase name="gamePlayerOWinsCol" classname="com.mycompany.app.TestSuite" time="0.0"/>
  <testcase name="gamePlayerOWinsRow" classname="com.mycompany.app.TestSuite" time="0.001"/>
  <testcase name="fieldNoSpacesWhenFull" classname="com.mycompany.app.TestSuite" time="0.0"/>
  <testcase name="gameNoMoveWhenFull" classname="com.mycompany.app.TestSuite" time="0.0"/>
  <testcase name="fieldPlaceSymbol" classname="com.mycompany.app.TestSuite" time="0.0"/>
  <testcase name="fieldInitialization" classname="com.mycompany.app.TestSuite" time="0.0"/>
  <testcase name="symbolOpposite" classname="com.mycompany.app.TestSuite" time="0.0"/>
  <testcase name="symbolEnumeration" classname="com.mycompany.app.TestSuite" time="0.0"/>
  <testcase name="fieldInvalidGet" classname="com.mycompany.app.TestSuite" time="0.0"/>
  <testcase name="gameWinnerMainDiagonal" classname="com.mycompany.app.TestSuite" time="0.0"/>
  <testcase name="symbolParsing" classname="com.mycompany.app.TestSuite" time="0.001"/>
  <testcase name="symbolDisplayValues" classname="com.mycompany.app.TestSuite" time="0.0"/>
  <testcase name="fieldClearInvalid" classname="com.mycompany.app.TestSuite" time="0.0"/>
  <testcase name="gameSequentialRestarts" classname="com.mycompany.app.TestSuite" time="0.0"/>
  <testcase name="gamePlayerToggle" classname="com.mycompany.app.TestSuite" time="0.0"/>
  <testcase name="gameStatusValueOf" classname="com.mycompany.app.TestSuite" time="0.0"/>
  <testcase name="fieldReset" classname="com.mycompany.app.TestSuite" time="0.0"/>
  <testcase name="fieldHasSpacesInitially" classname="com.mycompany.app.TestSuite" time="0.0"/>
  <testcase name="gameWinnerCol0" classname="com.mycompany.app.TestSuite" time="0.0"/>
  <testcase name="gameWinnerCol1" classname="com.mycompany.app.TestSuite" time="0.0"/>
  <testcase name="gameWinnerCol2" classname="com.mycompany.app.TestSuite" time="0.0"/>
  <testcase name="gameWinnerRow0" classname="com.mycompany.app.TestSuite" time="0.0"/>
  <testcase name="gameWinnerRow1" classname="com.mycompany.app.TestSuite" time="0.0"/>
  <testcase name="gameWinnerRow2" classname="com.mycompany.app.TestSuite" time="0.0"/>
  <testcase name="gameEvaluateDraw" classname="com.mycompany.app.TestSuite" time="0.0"/>
  <testcase name="gameEvaluateOWin" classname="com.mycompany.app.TestSuite" time="0.0"/>
  <testcase name="gameEvaluateXWin" classname="com.mycompany.app.TestSuite" time="0.0"/>
  <testcase name="gameStatusEnumCount" classname="com.mycompany.app.TestSuite" time="0.0"/>
  <testcase name="gameInvalidMoveOccupied" classname="com.mycompany.app.TestSuite" time="0.0"/>
  <testcase name="gameRestart" classname="com.mycompany.app.TestSuite" time="0.0"/>
  <testcase name="gameFieldComplete" classname="com.mycompany.app.TestSuite" time="0.0"/>
  <testcase name="gameInvalidMoveOutOfBounds" classname="com.mycompany.app.TestSuite" time="0.0"/>
  <testcase name="gameMultipleMoves" classname="com.mycompany.app.TestSuite" time="0.0"/>
  <testcase name="fieldValidBounds" classname="com.mycompany.app.TestSuite" time="0.0"/>
  <testcase name="fieldGetDimension" classname="com.mycompany.app.TestSuite" time="0.0"/>
  <testcase name="gameStatusVictoryO" classname="com.mycompany.app.TestSuite" time="0.0"/>
  <testcase name="gameStatusVictoryX" classname="com.mycompany.app.TestSuite" time="0.0"/>
  <testcase name="fieldOutOfBoundsNegative" classname="com.mycompany.app.TestSuite" time="0.0"/>
  <testcase name="gameEvaluateEmpty" classname="com.mycompany.app.TestSuite" time="0.015"/>
  <testcase name="gameInitialPlayer" classname="com.mycompany.app.TestSuite" time="0.0"/>
  <testcase name="fieldOutOfBoundsLarge" classname="com.mycompany.app.TestSuite" time="0.0"/>
  <testcase name="gameExecuteValidMove" classname="com.mycompany.app.TestSuite" time="0.0"/>
  <testcase name="fieldClearSymbol" classname="com.mycompany.app.TestSuite" time="0.0"/>
</testsuite>